<?xml version="1.0" encoding="UTF-8"?>
<!-- Generated by org.testng.reporters.JUnitReportReporter -->
<testsuite hostname="DESKTOP-URIUOEH" name="ToolsPractice.ReggressionTest" tests="1" failures="0" timestamp="15 Dec 2021 08:12:51 GMT" time="0.009" errors="0">
  <testcase name="reggressionTest" time="0.009" classname="ToolsPractice.ReggressionTest"/>
</testsuite> <!-- ToolsPractice.ReggressionTest -->
