<?xml version="1.0" encoding="UTF-8"?>
<!-- Generated by org.testng.reporters.JUnitReportReporter -->
<testsuite hostname="DESKTOP-URIUOEH" name="toolsPractice.ReggressionTest" tests="1" failures="0" timestamp="16 Dec 2021 06:19:39 GMT" time="0.000" errors="0">
  <testcase name="reggressionTest" time="0.000" classname="toolsPractice.ReggressionTest"/>
</testsuite> <!-- toolsPractice.ReggressionTest -->
